<?xml version="1.0" encoding="UTF-8"?>
<!-- Generated by org.testng.reporters.JUnitReportReporter -->
<testsuite skipped="6" hostname="RobertW-PC1" name="com.magenic.jmaqs.selenium.UIWaitFactoryUnitTest" tests="7" failures="0" timestamp="26 Aug 2019 19:42:06 GMT" time="0.000" errors="1">
  <testcase name="setWaitDriverWhenDriverKeyDoesNotExist" time="0.000" classname="com.magenic.jmaqs.selenium.UIWaitFactoryUnitTest">
    <skipped/>
  </testcase> <!-- setWaitDriverWhenDriverKeyDoesNotExist -->
  <testcase name="getWaitDriverWithWebElement" time="0.000" classname="com.magenic.jmaqs.selenium.UIWaitFactoryUnitTest">
    <skipped/>
  </testcase> <!-- getWaitDriverWithWebElement -->
  <testcase name="getWaitDriverWhenOneExists" time="0.000" classname="com.magenic.jmaqs.selenium.UIWaitFactoryUnitTest">
    <skipped/>
  </testcase> <!-- getWaitDriverWhenOneExists -->
  <testcase name="getWaitDriverTest" time="0.000" classname="com.magenic.jmaqs.selenium.UIWaitFactoryUnitTest">
    <skipped/>
  </testcase> <!-- getWaitDriverTest -->
  <testcase name="setup" time="0.000" classname="com.magenic.jmaqs.selenium.UIWaitFactoryUnitTest">
    <error type="org.testng.TestNGException" message="
Can inject only one of &lt;ITestContext, XmlTest&gt; into a @BeforeClass annotated setup.
For more information on native dependency injection please refer to http://testng.org/doc/documentation-main.html#native-dependency-injection">
      <![CDATA[org.testng.TestNGException: 
Can inject only one of <ITestContext, XmlTest> into a @BeforeClass annotated setup.
For more information on native dependency injection please refer to http://testng.org/doc/documentation-main.html#native-dependency-injection
at org.testng.internal.Parameters.checkParameterTypes(Parameters.java:407)
at org.testng.internal.Parameters.createParametersForMethod(Parameters.java:356)
at org.testng.internal.Parameters.createParameters(Parameters.java:635)
at org.testng.internal.Parameters.createConfigurationParameters(Parameters.java:190)
at org.testng.internal.Invoker.invokeConfigurations(Invoker.java:209)
at org.testng.internal.Invoker.invokeConfigurations(Invoker.java:142)
at org.testng.internal.TestMethodWorker.invokeBeforeClassMethods(TestMethodWorker.java:168)
at org.testng.internal.TestMethodWorker.run(TestMethodWorker.java:105)
at org.testng.TestRunner.privateRun(TestRunner.java:648)
at org.testng.TestRunner.run(TestRunner.java:505)
at org.testng.SuiteRunner.runTest(SuiteRunner.java:455)
at org.testng.SuiteRunner.runSequentially(SuiteRunner.java:450)
at org.testng.SuiteRunner.privateRun(SuiteRunner.java:415)
at org.testng.SuiteRunner.run(SuiteRunner.java:364)
at org.testng.SuiteRunnerWorker.runSuite(SuiteRunnerWorker.java:52)
at org.testng.SuiteRunnerWorker.run(SuiteRunnerWorker.java:84)
at org.testng.TestNG.runSuitesSequentially(TestNG.java:1208)
at org.testng.TestNG.runSuitesLocally(TestNG.java:1137)
at org.testng.TestNG.runSuites(TestNG.java:1049)
at org.testng.TestNG.run(TestNG.java:1017)
at org.testng.remote.AbstractRemoteTestNG.run(AbstractRemoteTestNG.java:114)
at org.testng.remote.RemoteTestNG.initAndRun(RemoteTestNG.java:251)
at org.testng.remote.RemoteTestNG.main(RemoteTestNG.java:77)
]]>
    </error>
  </testcase> <!-- setup -->
  <testcase name="removeWaitDriver" time="0.000" classname="com.magenic.jmaqs.selenium.UIWaitFactoryUnitTest">
    <skipped/>
  </testcase> <!-- removeWaitDriver -->
  <testcase name="setWaitDriverWhenDriverKeyDoesExist" time="0.000" classname="com.magenic.jmaqs.selenium.UIWaitFactoryUnitTest">
    <skipped/>
  </testcase> <!-- setWaitDriverWhenDriverKeyDoesExist -->
</testsuite> <!-- com.magenic.jmaqs.selenium.UIWaitFactoryUnitTest -->
